NoneNone
NoneNone
NoneNone
NoneNone
NoneNone
NoneNone
NoneNone
3:00 P.M.02/10/2021
NoneNone
NoneNone
NoneNone
NoneNone
[(1, 1)]
[(1, 1)]
[(1, 1)]
[(1, 1)]
[(1, 1)]
[(1, 1)]
[(1, 1)]
[(1, 1)]
[(1, 1)]
[(1, 1)]
[(1, 1)]
[(1, 1)]
[(1, 1)]
[(1, 1)]
[(1, 1)]
[(1, 1)]
[(1, 1)]
[(1, 1)]
[(1, 1)]
[(1, 1)]
[(1, 1)]
[(1, 1)]
[(1, 1)]
[(1, 1)]
[(1, 1)]
[(1, 1)]
[(1, 1)]
[(1, 1)]
[(1, 1)]
[(1, 1)]
[(1, 1)]
[(1, 1)]
[(1, 1)]
[(1, 1)]
[(1, 1)]
[(1, 1)]
[(1, 1)]
[(1, 1)]
[(1, 1)]
[(1, 1)]
[(1, 1)]
[(1, 1)]
Usage
=====
  scrapy crawl [options] <spider>

Run a spider

Options
=======
--help, -h              show this help message and exit
-a NAME=VALUE           set spider argument (may be repeated)
--output=FILE, -o FILE  append scraped items to the end of FILE (use - for
                        stdout)
--overwrite-output=FILE, -O FILE
                        dump scraped items into FILE, overwriting any existing
                        file
--output-format=FORMAT, -t FORMAT
                        format to use for dumping items

Global Options
--------------
--logfile=FILE          log file. if omitted stderr will be used
--loglevel=LEVEL, -L LEVEL
                        log level (default: DEBUG)
--nolog                 disable logging completely
--profile=FILE          write python cProfile stats to FILE
--pidfile=FILE          write process ID to FILE
--set=NAME=VALUE, -s NAME=VALUE
                        set/override setting (may be repeated)
--pdb                   enable pdb on failure
/srv/ucproject/bid/static/bid/Files/377/2021-02-09-15-07-305b3529745c4c4a30ccd19ca7568ef7.pdf
1/2
2/2
/srv/ucproject/bid/static/bid/Files/378/2021-02-09-19-03-f25ef0a9d3c39696dd8c7c8945908a8b.pdf
1/1
/srv/ucproject/bid/static/bid/Files/379/2020-03-01-14-07-789a9a077d30caa5a094d5e416360ab4.pdf
1/1
/srv/ucproject/bid/static/bid/Files/380/2021-02-09-15-06-11b71858af0b01f44c4ebef155396836.pdf
1/1
/srv/ucproject/bid/static/bid/Files/381/2020-07-28-10-02-bc79a4b5a7a5d79a44a234932bec7c62.pdf
1/2
2/2
/srv/ucproject/bid/static/bid/Files/381/2020-07-28-10-02-bc79a4b5a7a5d79a44a234932bec7c62.pdf
1/2
2/2
/srv/ucproject/bid/static/bid/Files/381/2020-07-28-10-02-bc79a4b5a7a5d79a44a234932bec7c62001.jpg
/srv/ucproject/bid/static/bid/Files/381/2020-07-28-10-02-bc79a4b5a7a5d79a44a234932bec7c62002.jpg
/srv/ucproject/bid/static/bid/Files/382/2020-02-27-12-02-3168906fb8b3c228e9238b9e9c7e0e0a.pdf
1/1
/srv/ucproject/bid/static/bid/Files/383/2020-02-26-16-48-6911e981c9258077073e0aa64522a6ee.pdf
1/1
/srv/ucproject/bid/static/bid/Files/383/2020-02-26-16-48-6911e981c9258077073e0aa64522a6ee.pdf
1/1
/srv/ucproject/bid/static/bid/Files/383/2020-02-26-16-48-6911e981c9258077073e0aa64522a6ee001.jpg
/srv/ucproject/bid/static/bid/Files/384/2020-07-28-09-58-4109d22d2527142e43a17ef084937b3a.pdf
1/3
2/3
3/3
/srv/ucproject/bid/static/bid/Files/384/2020-07-28-09-58-4109d22d2527142e43a17ef084937b3a.pdf
1/3
2/3
3/3
/srv/ucproject/bid/static/bid/Files/384/2020-07-28-09-58-4109d22d2527142e43a17ef084937b3a003.jpg
/srv/ucproject/bid/static/bid/Files/384/2020-07-28-09-58-4109d22d2527142e43a17ef084937b3a002.jpg
/srv/ucproject/bid/static/bid/Files/384/2020-07-28-09-58-4109d22d2527142e43a17ef084937b3a001.jpg
/srv/ucproject/bid/static/bid/Files/385/2020-07-28-09-55-c0de03cf727523d54350960b3bb0d9ab.pdf
1/1
/srv/ucproject/bid/static/bid/Files/385/2020-07-28-09-55-c0de03cf727523d54350960b3bb0d9ab.pdf
1/1
/srv/ucproject/bid/static/bid/Files/385/2020-07-28-09-55-c0de03cf727523d54350960b3bb0d9ab001.jpg
/srv/ucproject/bid/static/bid/Files/386/2020-02-24-14-26-a22994d9f7c2a161926ef878b4a22946.pdf
1/1
/srv/ucproject/bid/static/bid/Files/386/2020-02-24-14-26-a22994d9f7c2a161926ef878b4a22946.pdf
1/1
/srv/ucproject/bid/static/bid/Files/386/2020-02-24-14-26-a22994d9f7c2a161926ef878b4a22946001.jpg
/srv/ucproject/bid/static/bid/Files/387/2020-02-23-14-21-60d83c2beb72f601bbfb831d5d15566a.pdf
1/1
/srv/ucproject/bid/static/bid/Files/387/2020-02-23-14-21-60d83c2beb72f601bbfb831d5d15566a.pdf
1/1
/srv/ucproject/bid/static/bid/Files/387/2020-02-23-14-21-60d83c2beb72f601bbfb831d5d15566a001.jpg
/srv/ucproject/bid/static/bid/Files/390/2020-02-19-16-13-38c2e34c34300a14e763cb8beeb0185d.pdf
1/1
/srv/ucproject/bid/static/bid/Files/391/2020-02-19-16-08-1ab395789e8237d946ee4edf6c11f2fc.pdf
1/1
/srv/ucproject/bid/static/bid/Files/392/2020-07-22-09-47-f273892e2f646f5836dfdd8fc1f4714e.pdf
1/2
2/2
/srv/ucproject/bid/static/bid/Files/392/2020-07-22-09-47-f273892e2f646f5836dfdd8fc1f4714e.pdf
1/2
2/2
/srv/ucproject/bid/static/bid/Files/392/2020-07-22-09-47-f273892e2f646f5836dfdd8fc1f4714e001.jpg
/srv/ucproject/bid/static/bid/Files/392/2020-07-22-09-47-f273892e2f646f5836dfdd8fc1f4714e002.jpg
/srv/ucproject/bid/static/bid/Files/393/2020-02-18-14-56-3f5db35cef4c5e13d6dbc8b3b784d911.pdf
1/1
/srv/ucproject/bid/static/bid/Files/393/2020-02-18-14-56-3f5db35cef4c5e13d6dbc8b3b784d911.pdf
1/1
/srv/ucproject/bid/static/bid/Files/393/2020-02-18-14-56-3f5db35cef4c5e13d6dbc8b3b784d911001.jpg
/srv/ucproject/bid/static/bid/Files/394/2020-07-22-09-45-c6b9f26f0404d6e2208cb362d0393231.pdf
1/2
2/2
/srv/ucproject/bid/static/bid/Files/395/2020-07-22-09-44-356dcf43db97caf8cd8da5c6a97e335b.pdf
1/3
2/3
3/3
/srv/ucproject/bid/static/bid/Files/395/2020-07-22-09-44-356dcf43db97caf8cd8da5c6a97e335b.pdf
1/3
2/3
3/3
/srv/ucproject/bid/static/bid/Files/395/2020-07-22-09-44-356dcf43db97caf8cd8da5c6a97e335b001.jpg
/srv/ucproject/bid/static/bid/Files/395/2020-07-22-09-44-356dcf43db97caf8cd8da5c6a97e335b002.jpg
/srv/ucproject/bid/static/bid/Files/395/2020-07-22-09-44-356dcf43db97caf8cd8da5c6a97e335b003.jpg
/srv/ucproject/bid/static/bid/Files/396/2020-02-17-14-56-61681b8848cd5807845f2cb9f18dd661.pdf
1/1
/srv/ucproject/bid/static/bid/Files/396/2020-02-17-14-56-61681b8848cd5807845f2cb9f18dd661.pdf
1/1
/srv/ucproject/bid/static/bid/Files/396/2020-02-17-14-56-61681b8848cd5807845f2cb9f18dd661001.jpg
/srv/ucproject/bid/static/bid/Files/397/2020-02-11-15-32-46c6ef7dcb297378137dd62ebf0a4a11.pdf
1/1
/srv/ucproject/bid/static/bid/Files/397/2020-02-11-15-32-46c6ef7dcb297378137dd62ebf0a4a11.pdf
1/1
/srv/ucproject/bid/static/bid/Files/397/2020-02-11-15-32-46c6ef7dcb297378137dd62ebf0a4a11001.jpg
/srv/ucproject/bid/static/bid/Files/398/2020-07-22-09-16-2eb5ce885752a06ab523d35ea9d44df0.pdf
1/2
2/2
/srv/ucproject/bid/static/bid/Files/398/2020-07-22-09-16-2eb5ce885752a06ab523d35ea9d44df0.pdf
1/2
2/2
/srv/ucproject/bid/static/bid/Files/398/2020-07-22-09-16-2eb5ce885752a06ab523d35ea9d44df0001.jpg
/srv/ucproject/bid/static/bid/Files/398/2020-07-22-09-16-2eb5ce885752a06ab523d35ea9d44df0002.jpg
/srv/ucproject/bid/static/bid/Files/399/2020-07-19-14-40-b2ea413e4aafd20da7825f571915de6c.pdf
1/2
2/2
/srv/ucproject/bid/static/bid/Files/399/2020-07-19-14-40-b2ea413e4aafd20da7825f571915de6c.pdf
1/2
2/2
/srv/ucproject/bid/static/bid/Files/399/2020-07-19-14-40-b2ea413e4aafd20da7825f571915de6c002.jpg
/srv/ucproject/bid/static/bid/Files/399/2020-07-19-14-40-b2ea413e4aafd20da7825f571915de6c001.jpg
/srv/ucproject/bid/static/bid/Files/400/2020-02-11-15-28-1ae5cbf7116323aa3d30b60b31c8ce8f.pdf
1/1
/srv/ucproject/bid/static/bid/Files/400/2020-02-11-15-28-1ae5cbf7116323aa3d30b60b31c8ce8f.pdf
1/1
/srv/ucproject/bid/static/bid/Files/400/2020-02-11-15-28-1ae5cbf7116323aa3d30b60b31c8ce8f001.jpg
/srv/ucproject/bid/static/bid/Files/401/2020-07-19-14-38-3c60de954592636ef6ed5c439e1d0c07.pdf
1/1
/srv/ucproject/bid/static/bid/Files/402/2020-07-19-14-36-133c11531888d04911c3908904fa686a.pdf
1/2
2/2
/srv/ucproject/bid/static/bid/Files/402/2020-07-19-14-36-133c11531888d04911c3908904fa686a.pdf
1/2
2/2
/srv/ucproject/bid/static/bid/Files/402/2020-07-19-14-36-133c11531888d04911c3908904fa686a002.jpg
/srv/ucproject/bid/static/bid/Files/402/2020-07-19-14-36-133c11531888d04911c3908904fa686a001.jpg
/srv/ucproject/bid/static/bid/Files/403/2020-02-11-15-07-6532cd1f9cee9d4c0e03fa63c09726aa.pdf
1/1
/srv/ucproject/bid/static/bid/Files/403/2020-02-11-15-07-6532cd1f9cee9d4c0e03fa63c09726aa.pdf
1/1
/srv/ucproject/bid/static/bid/Files/403/2020-02-11-15-07-6532cd1f9cee9d4c0e03fa63c09726aa001.jpg
/srv/ucproject/bid/static/bid/Files/404/2020-02-11-14-59-9d7cef0bb2776f8ef8f957e195342313.pdf
1/1
/srv/ucproject/bid/static/bid/Files/404/2020-02-11-14-59-9d7cef0bb2776f8ef8f957e195342313.pdf
1/1
/srv/ucproject/bid/static/bid/Files/404/2020-02-11-14-59-9d7cef0bb2776f8ef8f957e195342313001.jpg
/srv/ucproject/bid/static/bid/Files/405/2020-07-19-10-27-a5b69e7ce3441ae4d0ef7ae3f44be7ae.pdf
1/2
2/2
/srv/ucproject/bid/static/bid/Files/405/2020-07-19-10-27-a5b69e7ce3441ae4d0ef7ae3f44be7ae.pdf
1/2
2/2
/srv/ucproject/bid/static/bid/Files/405/2020-07-19-10-27-a5b69e7ce3441ae4d0ef7ae3f44be7ae002.jpg
/srv/ucproject/bid/static/bid/Files/405/2020-07-19-10-27-a5b69e7ce3441ae4d0ef7ae3f44be7ae001.jpg
/srv/ucproject/bid/static/bid/Files/406/2020-02-05-16-47-23b92eb5acc23e7ccbbe29466e500601.pdf
1/1
/srv/ucproject/bid/static/bid/Files/407/2020-02-05-16-04-dd4565de68b94ceb1679d02428b84963.pdf
1/1
/srv/ucproject/bid/static/bid/Files/407/2020-02-05-16-04-dd4565de68b94ceb1679d02428b84963.pdf
1/1
/srv/ucproject/bid/static/bid/Files/407/2020-02-05-16-04-dd4565de68b94ceb1679d02428b84963001.jpg
/srv/ucproject/bid/static/bid/Files/408/2020-07-15-15-07-2549c0c0b51e11e8c8964d827a78c892.pdf
1/1
/srv/ucproject/bid/static/bid/Files/409/2020-07-15-15-07-30abc9c1fc46401ae7645747308e87ae.pdf
1/1
/srv/ucproject/bid/static/bid/Files/410/2020-02-05-16-04-1e1fe21a1c7695b3b2b45b930302e79e.pdf
1/1
/srv/ucproject/bid/static/bid/Files/410/2020-02-05-16-04-1e1fe21a1c7695b3b2b45b930302e79e.pdf
1/1
/srv/ucproject/bid/static/bid/Files/410/2020-02-05-16-04-1e1fe21a1c7695b3b2b45b930302e79e001.jpg
/srv/ucproject/bid/static/bid/Files/411/2020-02-03-12-43-5415469f4e6d1be8e950ef62c0267145.pdf
1/1
/srv/ucproject/bid/static/bid/Files/411/2020-02-03-12-43-5415469f4e6d1be8e950ef62c0267145.pdf
1/1
/srv/ucproject/bid/static/bid/Files/411/2020-02-03-12-43-5415469f4e6d1be8e950ef62c0267145001.jpg
/srv/ucproject/bid/static/bid/Files/412/2020-07-13-14-48-f261c56d71d66c003b00267fdfa3b573.pdf
1/1
/srv/ucproject/bid/static/bid/Files/413/2020-07-08-18-40-a0fcb6a37572c515303bc0ce6a61549e.pdf
1/3
2/3
3/3
/srv/ucproject/bid/static/bid/Files/413/2020-07-08-18-40-a0fcb6a37572c515303bc0ce6a61549e.pdf
1/3
2/3
3/3
/srv/ucproject/bid/static/bid/Files/413/2020-07-08-18-40-a0fcb6a37572c515303bc0ce6a61549e003.jpg
/srv/ucproject/bid/static/bid/Files/413/2020-07-08-18-40-a0fcb6a37572c515303bc0ce6a61549e001.jpg
/srv/ucproject/bid/static/bid/Files/413/2020-07-08-18-40-a0fcb6a37572c515303bc0ce6a61549e002.jpg
/srv/ucproject/bid/static/bid/Files/414/2020-02-02-14-43-a4711a79d7917a3fa3ad23c80dd2e42b.pdf
1/1
/srv/ucproject/bid/static/bid/Files/414/2020-02-02-14-43-a4711a79d7917a3fa3ad23c80dd2e42b.pdf
1/1
/srv/ucproject/bid/static/bid/Files/414/2020-02-02-14-43-a4711a79d7917a3fa3ad23c80dd2e42b001.jpg
/srv/ucproject/bid/static/bid/Files/415/2020-07-08-18-40-b3f5ad8cf87616c0b95e6022d3047f65.pdf
1/2
2/2
/srv/ucproject/bid/static/bid/Files/415/2020-07-08-18-40-b3f5ad8cf87616c0b95e6022d3047f65.pdf
1/2
2/2
/srv/ucproject/bid/static/bid/Files/415/2020-07-08-18-40-b3f5ad8cf87616c0b95e6022d3047f65002.jpg
/srv/ucproject/bid/static/bid/Files/415/2020-07-08-18-40-b3f5ad8cf87616c0b95e6022d3047f65001.jpg
/srv/ucproject/bid/static/bid/Files/416/2020-02-02-17-00-6f6eaa3e4fe7a8185e281745758bbaff.pdf
1/1
/srv/ucproject/bid/static/bid/Files/417/2020-01-29-16-36-9bdfb8ba8808e45c39d698bd112170f0.pdf
1/1
/srv/ucproject/bid/static/bid/Files/417/2020-01-29-16-36-9bdfb8ba8808e45c39d698bd112170f0.pdf
1/1
/srv/ucproject/bid/static/bid/Files/417/2020-01-29-16-36-9bdfb8ba8808e45c39d698bd112170f0001.jpg
/srv/ucproject/bid/static/bid/Files/418/TENDER%20DOCUMENT%20-%20SANITARY%20SERVICES%20COAST%20REGION%20FEB%202021.pdf
1/54
2/54
3/54
4/54
5/54
6/54
7/54
8/54
9/54
10/54
11/54
12/54
13/54
14/54
15/54
16/54
17/54
18/54
19/54
20/54
21/54
22/54
23/54
24/54
25/54
26/54
27/54
28/54
29/54
30/54
31/54
32/54
33/54
34/54
35/54
36/54
37/54
38/54
39/54
40/54
41/54
42/54
43/54
44/54
45/54
46/54
47/54
48/54
49/54
50/54
51/54
52/54
53/54
54/54
/srv/ucproject/bid/static/bid/Files/377/result.txt
create finalresult.txt
remove : /srv/ucproject/bid/static/bid/Files/377/result.txt
/srv/ucproject/bid/static/bid/Files/378/result.txt
create finalresult.txt
remove : /srv/ucproject/bid/static/bid/Files/378/result.txt
/srv/ucproject/bid/static/bid/Files/379/result.txt
create finalresult.txt
remove : /srv/ucproject/bid/static/bid/Files/379/result.txt
/srv/ucproject/bid/static/bid/Files/380/result.txt
create finalresult.txt
remove : /srv/ucproject/bid/static/bid/Files/380/result.txt
/srv/ucproject/bid/static/bid/Files/381/2020-07-28-10-02-bc79a4b5a7a5d79a44a234932bec7c62002.txt
/srv/ucproject/bid/static/bid/Files/381/result.txt
/srv/ucproject/bid/static/bid/Files/381/2020-07-28-10-02-bc79a4b5a7a5d79a44a234932bec7c62001.txt
create finalresult.txt
remove : /srv/ucproject/bid/static/bid/Files/381/2020-07-28-10-02-bc79a4b5a7a5d79a44a234932bec7c62002.txt
remove : /srv/ucproject/bid/static/bid/Files/381/result.txt
remove : /srv/ucproject/bid/static/bid/Files/381/2020-07-28-10-02-bc79a4b5a7a5d79a44a234932bec7c62001.txt
remove : /srv/ucproject/bid/static/bid/Files/381/2020-07-28-10-02-bc79a4b5a7a5d79a44a234932bec7c62001.jpg
remove : /srv/ucproject/bid/static/bid/Files/381/2020-07-28-10-02-bc79a4b5a7a5d79a44a234932bec7c62002.jpg
/srv/ucproject/bid/static/bid/Files/382/result.txt
create finalresult.txt
remove : /srv/ucproject/bid/static/bid/Files/382/result.txt
/srv/ucproject/bid/static/bid/Files/383/2020-02-26-16-48-6911e981c9258077073e0aa64522a6ee001.txt
/srv/ucproject/bid/static/bid/Files/383/result.txt
create finalresult.txt
remove : /srv/ucproject/bid/static/bid/Files/383/2020-02-26-16-48-6911e981c9258077073e0aa64522a6ee001.txt
remove : /srv/ucproject/bid/static/bid/Files/383/result.txt
remove : /srv/ucproject/bid/static/bid/Files/383/2020-02-26-16-48-6911e981c9258077073e0aa64522a6ee001.jpg
/srv/ucproject/bid/static/bid/Files/384/2020-07-28-09-58-4109d22d2527142e43a17ef084937b3a003.txt
/srv/ucproject/bid/static/bid/Files/384/2020-07-28-09-58-4109d22d2527142e43a17ef084937b3a002.txt
/srv/ucproject/bid/static/bid/Files/384/result.txt
/srv/ucproject/bid/static/bid/Files/384/2020-07-28-09-58-4109d22d2527142e43a17ef084937b3a001.txt
create finalresult.txt
remove : /srv/ucproject/bid/static/bid/Files/384/2020-07-28-09-58-4109d22d2527142e43a17ef084937b3a003.txt
remove : /srv/ucproject/bid/static/bid/Files/384/2020-07-28-09-58-4109d22d2527142e43a17ef084937b3a002.txt
remove : /srv/ucproject/bid/static/bid/Files/384/result.txt
remove : /srv/ucproject/bid/static/bid/Files/384/2020-07-28-09-58-4109d22d2527142e43a17ef084937b3a001.txt
remove : /srv/ucproject/bid/static/bid/Files/384/2020-07-28-09-58-4109d22d2527142e43a17ef084937b3a003.jpg
remove : /srv/ucproject/bid/static/bid/Files/384/2020-07-28-09-58-4109d22d2527142e43a17ef084937b3a002.jpg
remove : /srv/ucproject/bid/static/bid/Files/384/2020-07-28-09-58-4109d22d2527142e43a17ef084937b3a001.jpg
/srv/ucproject/bid/static/bid/Files/385/result.txt
/srv/ucproject/bid/static/bid/Files/385/2020-07-28-09-55-c0de03cf727523d54350960b3bb0d9ab001.txt
create finalresult.txt
remove : /srv/ucproject/bid/static/bid/Files/385/result.txt
remove : /srv/ucproject/bid/static/bid/Files/385/2020-07-28-09-55-c0de03cf727523d54350960b3bb0d9ab001.txt
remove : /srv/ucproject/bid/static/bid/Files/385/2020-07-28-09-55-c0de03cf727523d54350960b3bb0d9ab001.jpg
/srv/ucproject/bid/static/bid/Files/386/result.txt
/srv/ucproject/bid/static/bid/Files/386/2020-02-24-14-26-a22994d9f7c2a161926ef878b4a22946001.txt
create finalresult.txt
remove : /srv/ucproject/bid/static/bid/Files/386/result.txt
remove : /srv/ucproject/bid/static/bid/Files/386/2020-02-24-14-26-a22994d9f7c2a161926ef878b4a22946001.txt
remove : /srv/ucproject/bid/static/bid/Files/386/2020-02-24-14-26-a22994d9f7c2a161926ef878b4a22946001.jpg
/srv/ucproject/bid/static/bid/Files/387/result.txt
/srv/ucproject/bid/static/bid/Files/387/2020-02-23-14-21-60d83c2beb72f601bbfb831d5d15566a001.txt
create finalresult.txt
remove : /srv/ucproject/bid/static/bid/Files/387/result.txt
remove : /srv/ucproject/bid/static/bid/Files/387/2020-02-23-14-21-60d83c2beb72f601bbfb831d5d15566a001.txt
remove : /srv/ucproject/bid/static/bid/Files/387/2020-02-23-14-21-60d83c2beb72f601bbfb831d5d15566a001.jpg
create finalresult.txt
remove : /srv/ucproject/bid/static/bid/Files/388/2020-07-28-09-53-7eeecc222e5c3a96240eedafff2c95b9.jpg
create finalresult.txt
remove : /srv/ucproject/bid/static/bid/Files/389/2020-07-26-16-39-5e41609c79f16e8af283a71fe9810a17.jpg
/srv/ucproject/bid/static/bid/Files/390/result.txt
create finalresult.txt
remove : /srv/ucproject/bid/static/bid/Files/390/result.txt
/srv/ucproject/bid/static/bid/Files/391/result.txt
create finalresult.txt
remove : /srv/ucproject/bid/static/bid/Files/391/result.txt
/srv/ucproject/bid/static/bid/Files/392/2020-07-22-09-47-f273892e2f646f5836dfdd8fc1f4714e001.txt
/srv/ucproject/bid/static/bid/Files/392/result.txt
/srv/ucproject/bid/static/bid/Files/392/2020-07-22-09-47-f273892e2f646f5836dfdd8fc1f4714e002.txt
create finalresult.txt
remove : /srv/ucproject/bid/static/bid/Files/392/2020-07-22-09-47-f273892e2f646f5836dfdd8fc1f4714e001.txt
remove : /srv/ucproject/bid/static/bid/Files/392/result.txt
remove : /srv/ucproject/bid/static/bid/Files/392/2020-07-22-09-47-f273892e2f646f5836dfdd8fc1f4714e002.txt
remove : /srv/ucproject/bid/static/bid/Files/392/2020-07-22-09-47-f273892e2f646f5836dfdd8fc1f4714e001.jpg
remove : /srv/ucproject/bid/static/bid/Files/392/2020-07-22-09-47-f273892e2f646f5836dfdd8fc1f4714e002.jpg
/srv/ucproject/bid/static/bid/Files/393/2020-02-18-14-56-3f5db35cef4c5e13d6dbc8b3b784d911001.txt
/srv/ucproject/bid/static/bid/Files/393/result.txt
create finalresult.txt
remove : /srv/ucproject/bid/static/bid/Files/393/2020-02-18-14-56-3f5db35cef4c5e13d6dbc8b3b784d911001.txt
remove : /srv/ucproject/bid/static/bid/Files/393/result.txt
remove : /srv/ucproject/bid/static/bid/Files/393/2020-02-18-14-56-3f5db35cef4c5e13d6dbc8b3b784d911001.jpg
/srv/ucproject/bid/static/bid/Files/394/result.txt
create finalresult.txt
remove : /srv/ucproject/bid/static/bid/Files/394/result.txt
/srv/ucproject/bid/static/bid/Files/395/2020-07-22-09-44-356dcf43db97caf8cd8da5c6a97e335b002.txt
/srv/ucproject/bid/static/bid/Files/395/result.txt
/srv/ucproject/bid/static/bid/Files/395/2020-07-22-09-44-356dcf43db97caf8cd8da5c6a97e335b001.txt
/srv/ucproject/bid/static/bid/Files/395/2020-07-22-09-44-356dcf43db97caf8cd8da5c6a97e335b003.txt
create finalresult.txt
remove : /srv/ucproject/bid/static/bid/Files/395/2020-07-22-09-44-356dcf43db97caf8cd8da5c6a97e335b002.txt
remove : /srv/ucproject/bid/static/bid/Files/395/result.txt
remove : /srv/ucproject/bid/static/bid/Files/395/2020-07-22-09-44-356dcf43db97caf8cd8da5c6a97e335b001.txt
remove : /srv/ucproject/bid/static/bid/Files/395/2020-07-22-09-44-356dcf43db97caf8cd8da5c6a97e335b003.txt
remove : /srv/ucproject/bid/static/bid/Files/395/2020-07-22-09-44-356dcf43db97caf8cd8da5c6a97e335b001.jpg
remove : /srv/ucproject/bid/static/bid/Files/395/2020-07-22-09-44-356dcf43db97caf8cd8da5c6a97e335b002.jpg
remove : /srv/ucproject/bid/static/bid/Files/395/2020-07-22-09-44-356dcf43db97caf8cd8da5c6a97e335b003.jpg
/srv/ucproject/bid/static/bid/Files/396/result.txt
/srv/ucproject/bid/static/bid/Files/396/2020-02-17-14-56-61681b8848cd5807845f2cb9f18dd661001.txt
create finalresult.txt
remove : /srv/ucproject/bid/static/bid/Files/396/result.txt
remove : /srv/ucproject/bid/static/bid/Files/396/2020-02-17-14-56-61681b8848cd5807845f2cb9f18dd661001.txt
remove : /srv/ucproject/bid/static/bid/Files/396/2020-02-17-14-56-61681b8848cd5807845f2cb9f18dd661001.jpg
/srv/ucproject/bid/static/bid/Files/397/2020-02-11-15-32-46c6ef7dcb297378137dd62ebf0a4a11001.txt
/srv/ucproject/bid/static/bid/Files/397/result.txt
create finalresult.txt
remove : /srv/ucproject/bid/static/bid/Files/397/2020-02-11-15-32-46c6ef7dcb297378137dd62ebf0a4a11001.txt
remove : /srv/ucproject/bid/static/bid/Files/397/result.txt
remove : /srv/ucproject/bid/static/bid/Files/397/2020-02-11-15-32-46c6ef7dcb297378137dd62ebf0a4a11001.jpg
/srv/ucproject/bid/static/bid/Files/398/result.txt
/srv/ucproject/bid/static/bid/Files/398/2020-07-22-09-16-2eb5ce885752a06ab523d35ea9d44df0002.txt
/srv/ucproject/bid/static/bid/Files/398/2020-07-22-09-16-2eb5ce885752a06ab523d35ea9d44df0001.txt
create finalresult.txt
remove : /srv/ucproject/bid/static/bid/Files/398/result.txt
remove : /srv/ucproject/bid/static/bid/Files/398/2020-07-22-09-16-2eb5ce885752a06ab523d35ea9d44df0002.txt
remove : /srv/ucproject/bid/static/bid/Files/398/2020-07-22-09-16-2eb5ce885752a06ab523d35ea9d44df0001.txt
remove : /srv/ucproject/bid/static/bid/Files/398/2020-07-22-09-16-2eb5ce885752a06ab523d35ea9d44df0001.jpg
remove : /srv/ucproject/bid/static/bid/Files/398/2020-07-22-09-16-2eb5ce885752a06ab523d35ea9d44df0002.jpg
/srv/ucproject/bid/static/bid/Files/399/2020-07-19-14-40-b2ea413e4aafd20da7825f571915de6c002.txt
/srv/ucproject/bid/static/bid/Files/399/result.txt
/srv/ucproject/bid/static/bid/Files/399/2020-07-19-14-40-b2ea413e4aafd20da7825f571915de6c001.txt
create finalresult.txt
remove : /srv/ucproject/bid/static/bid/Files/399/2020-07-19-14-40-b2ea413e4aafd20da7825f571915de6c002.txt
remove : /srv/ucproject/bid/static/bid/Files/399/result.txt
remove : /srv/ucproject/bid/static/bid/Files/399/2020-07-19-14-40-b2ea413e4aafd20da7825f571915de6c001.txt
remove : /srv/ucproject/bid/static/bid/Files/399/2020-07-19-14-40-b2ea413e4aafd20da7825f571915de6c002.jpg
remove : /srv/ucproject/bid/static/bid/Files/399/2020-07-19-14-40-b2ea413e4aafd20da7825f571915de6c001.jpg
/srv/ucproject/bid/static/bid/Files/400/2020-02-11-15-28-1ae5cbf7116323aa3d30b60b31c8ce8f001.txt
/srv/ucproject/bid/static/bid/Files/400/result.txt
create finalresult.txt
remove : /srv/ucproject/bid/static/bid/Files/400/2020-02-11-15-28-1ae5cbf7116323aa3d30b60b31c8ce8f001.txt
remove : /srv/ucproject/bid/static/bid/Files/400/result.txt
remove : /srv/ucproject/bid/static/bid/Files/400/2020-02-11-15-28-1ae5cbf7116323aa3d30b60b31c8ce8f001.jpg
/srv/ucproject/bid/static/bid/Files/401/result.txt
create finalresult.txt
remove : /srv/ucproject/bid/static/bid/Files/401/result.txt
/srv/ucproject/bid/static/bid/Files/402/2020-07-19-14-36-133c11531888d04911c3908904fa686a001.txt
/srv/ucproject/bid/static/bid/Files/402/result.txt
/srv/ucproject/bid/static/bid/Files/402/2020-07-19-14-36-133c11531888d04911c3908904fa686a002.txt
create finalresult.txt
remove : /srv/ucproject/bid/static/bid/Files/402/2020-07-19-14-36-133c11531888d04911c3908904fa686a001.txt
remove : /srv/ucproject/bid/static/bid/Files/402/result.txt
remove : /srv/ucproject/bid/static/bid/Files/402/2020-07-19-14-36-133c11531888d04911c3908904fa686a002.txt
remove : /srv/ucproject/bid/static/bid/Files/402/2020-07-19-14-36-133c11531888d04911c3908904fa686a002.jpg
remove : /srv/ucproject/bid/static/bid/Files/402/2020-07-19-14-36-133c11531888d04911c3908904fa686a001.jpg
/srv/ucproject/bid/static/bid/Files/403/result.txt
/srv/ucproject/bid/static/bid/Files/403/2020-02-11-15-07-6532cd1f9cee9d4c0e03fa63c09726aa001.txt
create finalresult.txt
remove : /srv/ucproject/bid/static/bid/Files/403/result.txt
remove : /srv/ucproject/bid/static/bid/Files/403/2020-02-11-15-07-6532cd1f9cee9d4c0e03fa63c09726aa001.txt
remove : /srv/ucproject/bid/static/bid/Files/403/2020-02-11-15-07-6532cd1f9cee9d4c0e03fa63c09726aa001.jpg
/srv/ucproject/bid/static/bid/Files/404/2020-02-11-14-59-9d7cef0bb2776f8ef8f957e195342313001.txt
/srv/ucproject/bid/static/bid/Files/404/result.txt
create finalresult.txt
remove : /srv/ucproject/bid/static/bid/Files/404/2020-02-11-14-59-9d7cef0bb2776f8ef8f957e195342313001.txt
remove : /srv/ucproject/bid/static/bid/Files/404/result.txt
remove : /srv/ucproject/bid/static/bid/Files/404/2020-02-11-14-59-9d7cef0bb2776f8ef8f957e195342313001.jpg
/srv/ucproject/bid/static/bid/Files/405/result.txt
/srv/ucproject/bid/static/bid/Files/405/2020-07-19-10-27-a5b69e7ce3441ae4d0ef7ae3f44be7ae002.txt
/srv/ucproject/bid/static/bid/Files/405/2020-07-19-10-27-a5b69e7ce3441ae4d0ef7ae3f44be7ae001.txt
create finalresult.txt
remove : /srv/ucproject/bid/static/bid/Files/405/result.txt
remove : /srv/ucproject/bid/static/bid/Files/405/2020-07-19-10-27-a5b69e7ce3441ae4d0ef7ae3f44be7ae002.txt
remove : /srv/ucproject/bid/static/bid/Files/405/2020-07-19-10-27-a5b69e7ce3441ae4d0ef7ae3f44be7ae001.txt
remove : /srv/ucproject/bid/static/bid/Files/405/2020-07-19-10-27-a5b69e7ce3441ae4d0ef7ae3f44be7ae002.jpg
remove : /srv/ucproject/bid/static/bid/Files/405/2020-07-19-10-27-a5b69e7ce3441ae4d0ef7ae3f44be7ae001.jpg
/srv/ucproject/bid/static/bid/Files/406/result.txt
create finalresult.txt
remove : /srv/ucproject/bid/static/bid/Files/406/result.txt
/srv/ucproject/bid/static/bid/Files/407/result.txt
/srv/ucproject/bid/static/bid/Files/407/2020-02-05-16-04-dd4565de68b94ceb1679d02428b84963001.txt
create finalresult.txt
remove : /srv/ucproject/bid/static/bid/Files/407/result.txt
remove : /srv/ucproject/bid/static/bid/Files/407/2020-02-05-16-04-dd4565de68b94ceb1679d02428b84963001.txt
remove : /srv/ucproject/bid/static/bid/Files/407/2020-02-05-16-04-dd4565de68b94ceb1679d02428b84963001.jpg
/srv/ucproject/bid/static/bid/Files/408/result.txt
create finalresult.txt
remove : /srv/ucproject/bid/static/bid/Files/408/result.txt
/srv/ucproject/bid/static/bid/Files/409/result.txt
create finalresult.txt
remove : /srv/ucproject/bid/static/bid/Files/409/result.txt
/srv/ucproject/bid/static/bid/Files/410/2020-02-05-16-04-1e1fe21a1c7695b3b2b45b930302e79e001.txt
/srv/ucproject/bid/static/bid/Files/410/result.txt
create finalresult.txt
remove : /srv/ucproject/bid/static/bid/Files/410/2020-02-05-16-04-1e1fe21a1c7695b3b2b45b930302e79e001.txt
remove : /srv/ucproject/bid/static/bid/Files/410/result.txt
remove : /srv/ucproject/bid/static/bid/Files/410/2020-02-05-16-04-1e1fe21a1c7695b3b2b45b930302e79e001.jpg
/srv/ucproject/bid/static/bid/Files/411/result.txt
/srv/ucproject/bid/static/bid/Files/411/2020-02-03-12-43-5415469f4e6d1be8e950ef62c0267145001.txt
create finalresult.txt
remove : /srv/ucproject/bid/static/bid/Files/411/result.txt
remove : /srv/ucproject/bid/static/bid/Files/411/2020-02-03-12-43-5415469f4e6d1be8e950ef62c0267145001.txt
remove : /srv/ucproject/bid/static/bid/Files/411/2020-02-03-12-43-5415469f4e6d1be8e950ef62c0267145001.jpg
/srv/ucproject/bid/static/bid/Files/412/result.txt
create finalresult.txt
remove : /srv/ucproject/bid/static/bid/Files/412/result.txt
/srv/ucproject/bid/static/bid/Files/413/result.txt
/srv/ucproject/bid/static/bid/Files/413/2020-07-08-18-40-a0fcb6a37572c515303bc0ce6a61549e002.txt
/srv/ucproject/bid/static/bid/Files/413/2020-07-08-18-40-a0fcb6a37572c515303bc0ce6a61549e003.txt
/srv/ucproject/bid/static/bid/Files/413/2020-07-08-18-40-a0fcb6a37572c515303bc0ce6a61549e001.txt
create finalresult.txt
remove : /srv/ucproject/bid/static/bid/Files/413/result.txt
remove : /srv/ucproject/bid/static/bid/Files/413/2020-07-08-18-40-a0fcb6a37572c515303bc0ce6a61549e002.txt
remove : /srv/ucproject/bid/static/bid/Files/413/2020-07-08-18-40-a0fcb6a37572c515303bc0ce6a61549e003.txt
remove : /srv/ucproject/bid/static/bid/Files/413/2020-07-08-18-40-a0fcb6a37572c515303bc0ce6a61549e001.txt
remove : /srv/ucproject/bid/static/bid/Files/413/2020-07-08-18-40-a0fcb6a37572c515303bc0ce6a61549e003.jpg
remove : /srv/ucproject/bid/static/bid/Files/413/2020-07-08-18-40-a0fcb6a37572c515303bc0ce6a61549e001.jpg
remove : /srv/ucproject/bid/static/bid/Files/413/2020-07-08-18-40-a0fcb6a37572c515303bc0ce6a61549e002.jpg
/srv/ucproject/bid/static/bid/Files/414/2020-02-02-14-43-a4711a79d7917a3fa3ad23c80dd2e42b001.txt
/srv/ucproject/bid/static/bid/Files/414/result.txt
create finalresult.txt
remove : /srv/ucproject/bid/static/bid/Files/414/2020-02-02-14-43-a4711a79d7917a3fa3ad23c80dd2e42b001.txt
remove : /srv/ucproject/bid/static/bid/Files/414/result.txt
remove : /srv/ucproject/bid/static/bid/Files/414/2020-02-02-14-43-a4711a79d7917a3fa3ad23c80dd2e42b001.jpg
/srv/ucproject/bid/static/bid/Files/415/result.txt
/srv/ucproject/bid/static/bid/Files/415/2020-07-08-18-40-b3f5ad8cf87616c0b95e6022d3047f65001.txt
/srv/ucproject/bid/static/bid/Files/415/2020-07-08-18-40-b3f5ad8cf87616c0b95e6022d3047f65002.txt
create finalresult.txt
remove : /srv/ucproject/bid/static/bid/Files/415/result.txt
remove : /srv/ucproject/bid/static/bid/Files/415/2020-07-08-18-40-b3f5ad8cf87616c0b95e6022d3047f65001.txt
remove : /srv/ucproject/bid/static/bid/Files/415/2020-07-08-18-40-b3f5ad8cf87616c0b95e6022d3047f65002.txt
remove : /srv/ucproject/bid/static/bid/Files/415/2020-07-08-18-40-b3f5ad8cf87616c0b95e6022d3047f65002.jpg
remove : /srv/ucproject/bid/static/bid/Files/415/2020-07-08-18-40-b3f5ad8cf87616c0b95e6022d3047f65001.jpg
/srv/ucproject/bid/static/bid/Files/416/result.txt
create finalresult.txt
remove : /srv/ucproject/bid/static/bid/Files/416/result.txt
/srv/ucproject/bid/static/bid/Files/417/2020-01-29-16-36-9bdfb8ba8808e45c39d698bd112170f0001.txt
/srv/ucproject/bid/static/bid/Files/417/result.txt
create finalresult.txt
remove : /srv/ucproject/bid/static/bid/Files/417/2020-01-29-16-36-9bdfb8ba8808e45c39d698bd112170f0001.txt
remove : /srv/ucproject/bid/static/bid/Files/417/result.txt
remove : /srv/ucproject/bid/static/bid/Files/417/2020-01-29-16-36-9bdfb8ba8808e45c39d698bd112170f0001.jpg
/srv/ucproject/bid/static/bid/Files/418/result.txt
create finalresult.txt
remove : /srv/ucproject/bid/static/bid/Files/418/result.txt
/srv/ucproject/bid/static/bid/Files/377/finalresult.txt
/srv/ucproject/bid/static/bid/Files/378/finalresult.txt
/srv/ucproject/bid/static/bid/Files/379/finalresult.txt
/srv/ucproject/bid/static/bid/Files/380/finalresult.txt
/srv/ucproject/bid/static/bid/Files/381/finalresult.txt
/srv/ucproject/bid/static/bid/Files/382/finalresult.txt
/srv/ucproject/bid/static/bid/Files/383/finalresult.txt
/srv/ucproject/bid/static/bid/Files/384/finalresult.txt
/srv/ucproject/bid/static/bid/Files/385/finalresult.txt
/srv/ucproject/bid/static/bid/Files/386/finalresult.txt
/srv/ucproject/bid/static/bid/Files/387/finalresult.txt
/srv/ucproject/bid/static/bid/Files/388/finalresult.txt
/srv/ucproject/bid/static/bid/Files/389/finalresult.txt
/srv/ucproject/bid/static/bid/Files/390/finalresult.txt
/srv/ucproject/bid/static/bid/Files/391/finalresult.txt
/srv/ucproject/bid/static/bid/Files/392/finalresult.txt
/srv/ucproject/bid/static/bid/Files/393/finalresult.txt
/srv/ucproject/bid/static/bid/Files/394/finalresult.txt
/srv/ucproject/bid/static/bid/Files/395/finalresult.txt
/srv/ucproject/bid/static/bid/Files/396/finalresult.txt
/srv/ucproject/bid/static/bid/Files/397/finalresult.txt
/srv/ucproject/bid/static/bid/Files/398/finalresult.txt
/srv/ucproject/bid/static/bid/Files/399/finalresult.txt
/srv/ucproject/bid/static/bid/Files/400/finalresult.txt
/srv/ucproject/bid/static/bid/Files/401/finalresult.txt
/srv/ucproject/bid/static/bid/Files/402/finalresult.txt
/srv/ucproject/bid/static/bid/Files/403/finalresult.txt
/srv/ucproject/bid/static/bid/Files/404/finalresult.txt
/srv/ucproject/bid/static/bid/Files/405/finalresult.txt
/srv/ucproject/bid/static/bid/Files/406/finalresult.txt
/srv/ucproject/bid/static/bid/Files/407/finalresult.txt
/srv/ucproject/bid/static/bid/Files/408/finalresult.txt
/srv/ucproject/bid/static/bid/Files/409/finalresult.txt
/srv/ucproject/bid/static/bid/Files/410/finalresult.txt
/srv/ucproject/bid/static/bid/Files/411/finalresult.txt
/srv/ucproject/bid/static/bid/Files/412/finalresult.txt
/srv/ucproject/bid/static/bid/Files/413/finalresult.txt
/srv/ucproject/bid/static/bid/Files/414/finalresult.txt
/srv/ucproject/bid/static/bid/Files/415/finalresult.txt
/srv/ucproject/bid/static/bid/Files/416/finalresult.txt
/srv/ucproject/bid/static/bid/Files/417/finalresult.txt
/srv/ucproject/bid/static/bid/Files/418/finalresult.txt
